<?xml version="1.0" encoding="UTF-8"?>
<!-- Generated by org.testng.reporters.JUnitReportReporter -->
<testsuite hostname="DESKTOP-9AQ53BG" failures="0" tests="1" name="testCase.AspireTest1" time="8.614" errors="0" timestamp="2022-04-18T19:01:24 IST" skipped="0">
  <testcase classname="testCase.AspireTest1" name="test1" time="8.614"/>
  <system-out/>
</testsuite> <!-- testCase.AspireTest1 -->
