<?xml version="1.0" encoding="UTF-8"?>
<!-- Generated by org.testng.reporters.JUnitReportReporter -->
<testsuite hostname="DESKTOP-9AQ53BG" failures="0" tests="1" name="testBase.TestBase" time="17.981" errors="0" timestamp="2022-04-18T18:27:54 IST" skipped="0">
  <testcase classname="testBase.TestBase" name="selectBrowser" time="17.981"/>
  <system-out/>
</testsuite> <!-- testBase.TestBase -->
